+++++++++++++++++++++++++++++++++++++++++
In pshare CMakeLists.txt 1               
+++++++++++++++++++++++++++++++++++++++++
+++++++++++++++++++++++++++++++++++++++++
In pshare CMakeLists.txt 22               
+++++++++++++++++++++++++++++++++++++++++
+++++++++++++++++++++++++++++++++++++++++
FIND_PACKAGE CONSIDERED:/home/logan/moos-ivp/build/MOOS/MOOSCore/MOOSConfig.cmake
+++++++++++++++++++++++++++++++++++++++++
+++++++++++++++++++++++++++++++++++++++++
MOOS_INCLUDE_DIRS:/home/logan/moos-ivp/MOOS/MOOSCore/Core/libMOOS/include/home/logan/moos-ivp/MOOS/MOOSCore/Core/libMOOS/App/include/home/logan/moos-ivp/MOOS/MOOSCore/Core/libMOOS/Comms/include/home/logan/moos-ivp/MOOS/MOOSCore/Core/libMOOS/DB/include/home/logan/moos-ivp/MOOS/MOOSCore/Core/libMOOS/Utils/include/home/logan/moos-ivp/MOOS/MOOSCore/Core/libMOOS/Thirdparty/PocoBits/include/home/logan/moos-ivp/MOOS/MOOSCore/Core/libMOOS/Thirdparty/getpot/include/home/logan/moos-ivp/MOOS/MOOSCore/Core/libMOOS/Thirdparty/AppCasting/include
MOOS_LIBRARIES:   MOOS::MOOS
+++++++++++++++++++++++++++++++++++++++++
+++++++++++++++++++++++++++++++++++++++++
MOOSGeodesy_INCLUDE_DIRS:/home/logan/moos-ivp/MOOS/MOOSGeodesy/libMOOSGeodesy/include
MOOSGeodesy_LIBRARY_PATH:
+++++++++++++++++++++++++++++++++++++++++
-------------------------------------------------------Use UTM:ON
+++++++++++++++++++++++++++++++++++++++++
IVP_GUI_CODE will be built......         
+++++++++++++++++++++++++++++++++++++++++
USING UTM
+++++++++++++++++++++++++++++++++++++++++
IVP_LIB_DIRECTORY:/home/logan/moos-ivp/lib
+++++++++++++++++++++++++++++++++++++++++
 ROBOT_APPS: app_alogload;app_aloggrep;app_alogscan;app_alogcd;app_alogpare;app_alogeplot;app_alogrm;app_alogiter;app_alogcat;app_alogclip;app_aloghelm;app_nsplug;app_pickpos;app_manifest_test;pEchoVar;pEvalLoiter;pHelmIvP;pMarinePID;pBasicContactMgr;pDeadManPost;pNodeReporter;pMovingSurvey;pObstacleMgr;pFrontEstimate;uFldMessageHandler;uFldNodeBroker;uHelmScope;uTimerScript;uProcessWatch;uMemWatch;uLoadWatch;uTermCommand;uXMS;uMAC;uPokeDB;uQueryDB;pHostInfo;iSay
 IVP_NON_GUI_APPS: app_alogsplit;app_alogsort;app_alogcheck;app_alogtest;app_gen_hazards;app_gen_obstacles;app_bhv2graphviz;pXRelay;uFldCollisionDetect;uFldCollObDetect;uFldLoiterAssign;uFldPathCheck;uFldShoreBroker;uFldScope;uFldNodeComms;uFldBeaconRangeSensor;uFldContactRangeSensor;uFldObstacleSim;uFldHazardSensor;uFldHazardMgr;uFldHazardMetric;uFldGenericSensor;uFldWrapDetect;pSearchGrid;uSimMarine;pFrontGridRender;pGradeFrontEstimate;uFldCTDSensor
++++++++++++++++++++++++++++++++++++++++++++++++++++++++++++
 IVP_BUILD_BOT_CODE_ONLY: OFF
++++++++++++++++++++++++++++++++++++++++++++++++++++++++++++
Include directory: /home/logan/moos-ivp/include
