Reading package lists...
Building dependency tree...
Reading state information...
subversion is already the newest version (1.9.7-4ubuntu1).
The following packages were automatically installed and are no longer required:
  fonts-liberation2 fonts-opensymbol gir1.2-gst-plugins-base-1.0
  gir1.2-gstreamer-1.0 gir1.2-gudev-1.0 gir1.2-udisks-2.0
  grilo-plugins-0.3-base gstreamer1.0-gtk3 libcdr-0.1-1 libclucene-contribs1v5
  libclucene-core1v5 libcmis-0.5-5v5 libcolamd2 libdazzle-1.0-0
  libe-book-0.1-1 libedataserverui-1.2-2 libeot0 libepubgen-0.1-1
  libetonyek-0.1-1 libevent-2.1-6 libexiv2-14 libfreerdp-client2-2
  libfreerdp2-2 libgc1c2 libgee-0.8-2 libgexiv2-2 libgom-1.0-0 libgpgmepp6
  libgpod-common libgpod4 liblangtag-common liblangtag1 liblirc-client0
  liblua5.3-0 libmediaart-2.0-0 libmspub-0.1-1 libodfgen-0.1-1 libqqwing2v5
  librevenge-0.0-0 libsgutils2-2 libssh-4 libsuitesparseconfig5 libvncclient1
  libwinpr2-2 libxapian30 libxmlsec1 libxmlsec1-nss lp-solve media-player-info
  python3-mako python3-markupsafe syslinux syslinux-common syslinux-legacy
  usb-creator-common
Use 'sudo apt autoremove' to remove them.
0 upgraded, 0 newly installed, 0 to remove and 22 not upgraded.
Checked out revision 8939.
=========================================
BUILDING All MOOS and IvP code           
=========================================
  SCRIPT_ABS_DIR:  /home/logan/moos-ivp
Invoking cmake... /home/logan/moos-ivp/build/MOOS/MOOSCore
-- +++  This is MOOS version 10.5.0 +++
-- Git version: not known
-- Location of this build will be exported. Set ENABLE_EXPORT to OFF if you don't want this and delete ~/.cmake/projects/MOOS 
-- Configuring done
-- Generating done
-- Build files have been written to: /home/logan/moos-ivp/build/MOOS/MOOSCore

Invoking make... /home/logan/moos-ivp/build/MOOS/MOOSCore

[ 63%] Built target MOOS
[ 65%] Built target periodic_test
[ 67%] Built target suicide_test
[ 69%] Built target binding_test
[ 71%] Built target queue_test
[ 73%] Built target umm
[ 76%] Built target ktm
[ 78%] Built target mtm
[ 80%] Built target mqos
[ 82%] Built target gtm
[ 84%] Built target atm
[ 86%] Built target MOOSDB
[ 89%] Built target app_test
[ 91%] Built target async_test
[ 93%] Built target io_test
[ 95%] Built target capture_test
[ 97%] Built target reg_test
[100%] Built target cmp2sock
Invoking cmake... /home/logan/moos-ivp/build/MOOS/MOOSEssentials
-- Found MOOS: /home/logan/moos-ivp/build/MOOS/MOOSCore/MOOSTargets.cmake (Required is at least version "10") 
-- Cmake FindZLIB: using ZLIB includes at: /usr/include
-- Cmake FindZLIB: using ZLIB libraries: /usr/lib/x86_64-linux-gnu/libz.so
-- Found MOOS: /home/logan/moos-ivp/build/MOOS/MOOSCore/MOOSTargets.cmake (Required is at least version "10.0") 
-- Configuring done
-- Generating done
-- Build files have been written to: /home/logan/moos-ivp/build/MOOS/MOOSEssentials

Invoking make... /home/logan/moos-ivp/build/MOOS/MOOSEssentials

[ 23%] Built target pMOOSBridge
[ 38%] Built target pAntler
[ 57%] Built target pLogger
[ 71%] Built target pScheduler
[100%] Built target pShare
+++++++++++++++++++++++++++++++++++++++++++++++++++
MOOS_BUILD_BOT_CODE_ONLY: OFF   
+++++++++++++++++++++++++++++++++++++++++++++++++++
Invoking cmake... /home/logan/moos-ivp/build/MOOS/MOOSToolsUI
-- Configuring done
-- Generating done
-- Build files have been written to: /home/logan/moos-ivp/build/MOOS/MOOSToolsUI

Invoking make... /home/logan/moos-ivp/build/MOOS/MOOSToolsUI

[ 22%] Built target fltkvw
[ 50%] Built target uMS
[ 72%] Built target uPlayback
[ 88%] Built target iRemoteLite
[100%] Built target uPoke
PROJ4 LIB DIR:  /home/logan/moos-ivp/build/MOOS/proj-5.2.0/lib
Invoking cmake... /home/logan/moos-ivp/build/MOOS/MOOSGeodesy
-- location of this build will be exported, set ENABLE_EXPORT to OFF if you don't want this and delete ~/.cmake/projects/MOOS 
-- PROJECT_EXPORT_LIBS = MOOSGeodesy
-- Configuring done
-- Generating done
-- Build files have been written to: /home/logan/moos-ivp/build/MOOS/MOOSGeodesy

Invoking make... /home/logan/moos-ivp/build/MOOS/MOOSGeodesy

[100%] Built target MOOSGeodesy
Compiler flags: -Wall -Wextra -Wno-unused-parameter -Wno-missing-field-initializers -pedantic -fPIC -g -Os  
Built files will be placed into these directories: 
  Intermediate build files: /home/logan/moos-ivp/build         
  Libraries:                /home/logan/moos-ivp/lib         
  Programs:                 /home/logan/moos-ivp/bin       \n
BUILD_GUI_CODE = ON 
Invoking cmake...
BUILD_BOT_CODE_ONLY: OFF   
-- CMake is running /home/logan/moos-ivp/build/MOOS/MOOSGeodesy/UseMOOSGeodesy.cmake
-- Configuring done
-- Generating done
-- Build files have been written to: /home/logan/moos-ivp/build
Invoking make -j1
[  0%] Built target behaviors
[  2%] Built target mbutil
[ 12%] Built target geometry
[ 14%] Built target helmivp
[ 19%] Built target behaviors-marine
[ 21%] Built target behaviors-colregs
[ 23%] Built target bhvutil
[ 24%] Built target genutil
[ 25%] Built target ivpcore
[ 30%] Built target ivpbuild
[ 31%] Built target ivpsolve
[ 32%] Built target logic
[ 32%] Built target encounters
[ 33%] Built target apputil
[ 34%] Built target contacts
[ 35%] Built target ufield
[ 37%] Built target ufld_hazards
[ 40%] Built target logutils
[ 41%] Built target manifest
[ 42%] Built target henrik_anneal
[ 44%] Built target ipfview
[ 46%] Built target marineview
[ 47%] Built target zaicview
[ 47%] Built target ucommand
[ 47%] Built target alogload
[ 48%] Built target aloggrep
[ 48%] Built target alogscan
[ 48%] Built target alogcd
[ 49%] Built target alogpare
[ 49%] Built target alogeplot
[ 49%] Built target alogrm
[ 50%] Built target alogiter
[ 50%] Built target alogcat
[ 51%] Built target alogclip
[ 51%] Built target aloghelm
[ 51%] Built target nsplug
[ 51%] Built target pickpos
[ 51%] Built target manifest_test
[ 52%] Built target pEchoVar
[ 52%] Built target pEvalLoiter
[ 53%] Built target pHelmIvP
[ 53%] Built target pMarinePID
[ 54%] Built target pBasicContactMgr
[ 55%] Built target pDeadManPost
[ 56%] Built target pNodeReporter
[ 57%] Built target pMovingSurvey
[ 57%] Built target pObstacleMgr
[ 58%] Built target pFrontEstimate
[ 58%] Built target uFldMessageHandler
[ 59%] Built target uFldNodeBroker
[ 60%] Built target uHelmScope
[ 62%] Built target uTimerScript
[ 63%] Built target uProcessWatch
[ 63%] Built target uMemWatch
[ 63%] Built target uLoadWatch
[ 64%] Built target uTermCommand
[ 65%] Built target uXMS
[ 66%] Built target uMAC
[ 67%] Built target uPokeDB
[ 67%] Built target uQueryDB
[ 68%] Built target pHostInfo
[ 69%] Built target iSay
[ 69%] Built target alogsplit
[ 70%] Built target alogsort
[ 71%] Built target alogcheck
[ 72%] Built target alogtest
[ 73%] Built target gen_hazards
[ 73%] Built target gen_obstacles
[ 74%] Built target bhv2graphviz
[ 75%] Built target pXRelay
[ 76%] Built target uFldCollisionDetect
[ 77%] Built target uFldCollObDetect
[ 78%] Built target uFldLoiterAssign
[ 79%] Built target uFldPathCheck
[ 79%] Built target uFldShoreBroker
[ 80%] Built target uFldScope
[ 81%] Built target uFldNodeComms
[ 82%] Built target uFldBeaconRangeSensor
[ 82%] Built target uFldContactRangeSensor
[ 82%] Built target uFldObstacleSim
[ 83%] Built target uFldHazardSensor
[ 83%] Built target uFldHazardMgr
[ 84%] Built target uFldHazardMetric
[ 85%] Built target uFldGenericSensor
[ 86%] Built target uFldWrapDetect
[ 87%] Built target pSearchGrid
[ 88%] Built target uSimMarine
[ 88%] Built target pFrontGridRender
[ 89%] Built target pGradeFrontEstimate
[ 89%] Built target uFldCTDSensor
[ 90%] Built target ffview
[ 90%] Built target geoview
[ 92%] Built target alogview
[ 93%] Built target zaic_hleq
[ 94%] Built target zaic_vect
[ 94%] Built target zaic_hdg
[ 95%] Built target zaic_spd
[ 95%] Built target zaic_peak
[ 96%] Built target pMarineViewer
[ 97%] Built target uFunctionVis
[ 98%] Built target uMACView
[ 99%] Built target uPlotViewer
[100%] Built target uCommand
