Executing: /tmp/apt-key-gpghome.wxtfg8BctS/gpg.1.sh --keyserver hkp://keyserver.ubuntu.com:80 --recv-key C1CF6E31E6BADE8868B172B4F42ED6FBAB17C654
Hit:1 http://tw.archive.ubuntu.com/ubuntu bionic InRelease
Get:2 http://tw.archive.ubuntu.com/ubuntu bionic-updates InRelease [88.7 kB]
Get:3 http://tw.archive.ubuntu.com/ubuntu bionic-backports InRelease [74.6 kB]
Get:4 http://tw.archive.ubuntu.com/ubuntu bionic-updates/main amd64 DEP-11 Metadata [307 kB]
Get:5 http://tw.archive.ubuntu.com/ubuntu bionic-updates/main DEP-11 48x48 Icons [73.8 kB]
Get:6 http://tw.archive.ubuntu.com/ubuntu bionic-updates/main DEP-11 64x64 Icons [140 kB]
Get:7 http://tw.archive.ubuntu.com/ubuntu bionic-updates/universe amd64 DEP-11 Metadata [264 kB]
Get:8 http://tw.archive.ubuntu.com/ubuntu bionic-updates/universe DEP-11 48x48 Icons [201 kB]
Get:9 http://tw.archive.ubuntu.com/ubuntu bionic-updates/universe DEP-11 64x64 Icons [453 kB]
Get:10 http://tw.archive.ubuntu.com/ubuntu bionic-updates/multiverse amd64 DEP-11 Metadata [2468 B]
Hit:11 http://packages.ros.org/ros/ubuntu bionic InRelease
Get:12 http://tw.archive.ubuntu.com/ubuntu bionic-backports/universe amd64 DEP-11 Metadata [7980 B]
Get:13 http://security.ubuntu.com/ubuntu bionic-security InRelease [88.7 kB]
Get:14 http://security.ubuntu.com/ubuntu bionic-security/main amd64 DEP-11 Metadata [38.6 kB]
Get:15 http://security.ubuntu.com/ubuntu bionic-security/main DEP-11 48x48 Icons [17.6 kB]
Get:16 http://security.ubuntu.com/ubuntu bionic-security/main DEP-11 64x64 Icons [41.5 kB]
Get:17 http://security.ubuntu.com/ubuntu bionic-security/universe amd64 DEP-11 Metadata [42.1 kB]
Get:18 http://security.ubuntu.com/ubuntu bionic-security/universe DEP-11 48x48 Icons [16.4 kB]
Get:19 http://security.ubuntu.com/ubuntu bionic-security/universe DEP-11 64x64 Icons [111 kB]
Get:20 http://security.ubuntu.com/ubuntu bionic-security/multiverse amd64 DEP-11 Metadata [2464 B]
Fetched 1970 kB in 2s (807 kB/s)
Reading package lists...
Building dependency tree...
Reading state information...
22 packages can be upgraded. Run 'apt list --upgradable' to see them.
ERROR: default sources list file already exists:
	/etc/ros/rosdep/sources.list.d/20-default.list
Please delete if you wish to re-initialize
reading in sources list data from /etc/ros/rosdep/sources.list.d
Hit https://raw.githubusercontent.com/ros/rosdistro/master/rosdep/osx-homebrew.yaml
Hit https://raw.githubusercontent.com/ros/rosdistro/master/rosdep/base.yaml
Hit https://raw.githubusercontent.com/ros/rosdistro/master/rosdep/python.yaml
Hit https://raw.githubusercontent.com/ros/rosdistro/master/rosdep/ruby.yaml
Hit https://raw.githubusercontent.com/ros/rosdistro/master/releases/fuerte.yaml
Query rosdistro index https://raw.githubusercontent.com/ros/rosdistro/master/index-v4.yaml
Skip end-of-life distro "ardent"
Skip end-of-life distro "bouncy"
Skip end-of-life distro "crystal"
Add distro "dashing"
Add distro "eloquent"
Add distro "foxy"
Skip end-of-life distro "groovy"
Skip end-of-life distro "hydro"
Skip end-of-life distro "indigo"
Skip end-of-life distro "jade"
Add distro "kinetic"
Skip end-of-life distro "lunar"
Add distro "melodic"
Add distro "noetic"
updated cache in /home/logan/.ros/rosdep/sources.cache
Base path: /home/logan/catkin_ws
Source space: /home/logan/catkin_ws/src
Build space: /home/logan/catkin_ws/build
Devel space: /home/logan/catkin_ws/devel
Install space: /home/logan/catkin_ws/install
####
#### Running command: "make cmake_check_build_system" in "/home/logan/catkin_ws/build"
####
####
#### Running command: "make -j1 -l1" in "/home/logan/catkin_ws/build"
####
